<?xml version="1.0" encoding="UTF-8"?>
<testng-results skipped="0" failed="0" ignored="0" total="1" passed="1">
  <reporter-output>
  </reporter-output>
  <suite name="TestSuite" duration-ms="22608" started-at="2018-05-22T09:45:39Z" finished-at="2018-05-22T09:46:02Z">
    <groups>
    </groups>
    <test name="ChromeTest" duration-ms="22608" started-at="2018-05-22T09:45:39Z" finished-at="2018-05-22T09:46:02Z">
      <class name="Demosele.gettext">
        <test-method status="PASS" signature="check(java.lang.String)[pri:0, instance:Demosele.gettext@2353b3e6]" name="check" is-config="true" duration-ms="18801" started-at="2018-05-22T09:45:39Z" finished-at="2018-05-22T09:45:58Z">
          <params>
            <param index="0">
              <value>
                <![CDATA[Chrome]]>
              </value>
            </param>
          </params>
          <reporter-output>
          </reporter-output>
        </test-method> <!-- check -->
        <test-method status="PASS" signature="testParameterWithXML()[pri:0, instance:Demosele.gettext@2353b3e6]" name="testParameterWithXML" duration-ms="3791" started-at="2018-05-22T09:45:58Z" finished-at="2018-05-22T09:46:02Z">
          <reporter-output>
          </reporter-output>
        </test-method> <!-- testParameterWithXML -->
      </class> <!-- Demosele.gettext -->
    </test> <!-- ChromeTest -->
  </suite> <!-- TestSuite -->
</testng-results>
